2019-01-10 16-37-57 :load all config
2019-01-10 16-37-57 :开始初始软件
2019-01-10 16-37-58 :初始化软件完毕
2019-01-10 16-38-36 :exit
2019-01-10 16-40-22 :load all config
2019-01-10 16-40-22 :开始初始软件
2019-01-10 16-40-23 :初始化软件完毕
2019-01-10 16-40-25 :exit
2019-01-10 16-41-03 :load all config
2019-01-10 16-41-03 :开始初始软件
2019-01-10 16-41-04 :初始化软件完毕
2019-01-10 16-46-40 :load all config
2019-01-10 16-46-41 :开始初始软件
2019-01-10 16-46-41 :初始化软件完毕
2019-01-10 16-46-45 :sava screenshot in ./screenshot/2019-01-10_16-46-45.png
2019-01-10 16-46-52 :sava screenshot in ./screenshot/2019-01-10_16-46-52.png
2019-01-10 16-51-39 :load all config
2019-01-10 16-51-56 :load all config
2019-01-10 16-51-56 :开始初始软件
2019-01-10 16-51-56 :初始化软件完毕
2019-01-10 16-56-38 :load all config
2019-01-10 16-56-38 :开始初始软件
2019-01-10 16-56-38 :初始化软件完毕
2019-01-10 16-56-41 :quickKey close
2019-01-10 16-56-42 :quickKey open
2019-01-10 16-56-43 :quickKey close
2019-01-10 16-56-56 :load all config
2019-01-10 16-56-56 :开始初始软件
2019-01-10 16-56-56 :初始化软件完毕
2019-01-10 16-56-58 :quickKey close
2019-01-10 16-56-59 :quickKey open
2019-01-10 16-58-31 :load all config
2019-01-10 16-58-31 :开始初始软件
2019-01-10 16-58-32 :初始化软件完毕
2019-01-10 16-59-35 :load all config
2019-01-10 16-59-35 :开始初始软件
2019-01-10 16-59-35 :初始化软件完毕
2019-01-10 16-59-36 :quickKey close
2019-01-10 17-00-33 :load all config
2019-01-10 17-00-33 :开始初始软件
2019-01-10 17-00-33 :初始化软件完毕
2019-01-10 17-00-34 :quickKey close
2019-01-10 17-01-20 :load all config
2019-01-10 17-01-20 :开始初始软件
2019-01-10 17-01-20 :初始化软件完毕
2019-01-10 17-01-23 :quickKey close
2019-01-10 17-02-22 :load all config
2019-01-10 17-02-22 :开始初始软件
2019-01-10 17-02-22 :初始化软件完毕
2019-01-10 17-02-35 :quickKey close
2019-01-10 17-03-24 :load all config
2019-01-10 17-03-24 :开始初始软件
2019-01-10 17-03-24 :初始化软件完毕
2019-01-10 17-03-27 :quickKey close
2019-01-10 17-04-41 :load all config
2019-01-10 17-04-41 :开始初始软件
2019-01-10 17-04-41 :初始化软件完毕
2019-01-10 17-04-54 :quickKey close
2019-01-10 17-06-40 :load all config
2019-01-10 17-06-41 :开始初始软件
2019-01-10 17-06-41 :初始化软件完毕
2019-01-10 17-06-48 :quickKey close
2019-01-10 17-09-48 :load all config
2019-01-10 17-09-48 :开始初始软件
2019-01-10 17-09-48 :初始化软件完毕
2019-01-10 17-09-49 :quickKey close
2019-01-10 17-09-51 :quickKey open
2019-01-10 17-09-55 :quickKey close
2019-01-10 17-09-57 :quickKey open
