msg2019-01-07 11-33-57 :load all config
2019-01-07 11-33-57 :开始初始软件
2019-01-07 11-33-58 :初始化软件完毕
2019-01-07 11-48-27 :load all config
2019-01-07 11-48-27 :开始初始软件
2019-01-07 11-48-27 :初始化软件完毕
2019-01-07 12-00-05 :load all config
2019-01-07 12-00-05 :开始初始软件
2019-01-07 12-00-05 :初始化软件完毕
2019-01-07 14-04-34 :load all config
2019-01-07 14-04-34 :开始初始软件
2019-01-07 14-05-18 :load all config
2019-01-07 14-05-18 :开始初始软件
2019-01-07 14-05-18 :初始化软件完毕
2019-01-07 14-05-43 :['.git', '.gitattributes', '718DE4F5-36AA-4e35-A15D-1456E4DD76A7.png', 'config', 'function', 'logs', 'main.py', 'mainWidget.py', 'readme.txt', 'screenshot', 'text', 'tools', '__pycache__']
2019-01-07 14-05-43 :.
2019-01-07 14-06-04 :['.git', '.gitattributes', '718DE4F5-36AA-4e35-A15D-1456E4DD76A7.png', 'a', 'config', 'function', 'logs', 'main.py', 'mainWidget.py', 'readme.txt', 'screenshot', 'text', 'tools', '__pycache__']
2019-01-07 14-06-04 :./a
2019-01-07 14-07-03 :['.git', '.gitattributes', '718DE4F5-36AA-4e35-A15D-1456E4DD76A7.png', 'a', 'config', 'function', 'logs', 'main.py', 'mainWidget.py', 'readme.txt', 'screenshot', 'text', 'tools', '__pycache__']
2019-01-07 14-07-03 :.\a
2019-01-07 14-07-18 :['.git', '.gitattributes', '1.png', 'a', 'config', 'function', 'logs', 'main.py', 'mainWidget.py', 'readme.txt', 'screenshot', 'text', 'tools', '__pycache__']
2019-01-07 14-07-18 :.\a
2019-01-07 14-08-13 :['.git', '.gitattributes', '1.png', 'a', 'config', 'function', 'logs', 'main.py', 'mainWidget.py', 'readme.txt', 'screenshot', 'text', 'tools', '__pycache__']
2019-01-07 14-08-31 :.\a
2019-01-07 14-09-35 :load all config
2019-01-07 14-09-35 :开始初始软件
2019-01-07 14-09-36 :初始化软件完毕
2019-01-07 14-09-56 :['.git', '.gitattributes', '1.png', 'a', 'config', 'function', 'logs', 'main.py', 'mainWidget.py', 'readme.txt', 'screenshot', 'text', 'tools', '__pycache__']
2019-01-07 14-09-56 :./a
2019-01-07 14-10-34 :load all config
2019-01-07 14-10-34 :开始初始软件
2019-01-07 14-10-34 :初始化软件完毕
2019-01-07 14-10-46 :['.git', '.gitattributes', '1.png', 'a', 'config', 'function', 'logs', 'main.py', 'mainWidget.py', 'readme.txt', 'screenshot', 'text', 'tools', '__pycache__']
2019-01-07 14-10-46 :./a
2019-01-07 14-36-02 :load all config
2019-01-07 14-36-02 :开始初始软件
2019-01-07 14-36-02 :初始化软件完毕
2019-01-07 14-36-49 :load all config
2019-01-07 14-36-49 :开始初始软件
2019-01-07 14-36-49 :初始化软件完毕
2019-01-07 14-38-14 :load all config
2019-01-07 14-38-14 :开始初始软件
2019-01-07 14-38-14 :初始化软件完毕
2019-01-07 14-42-48 :load all config
2019-01-07 14-42-48 :开始初始软件
2019-01-07 14-42-48 :初始化软件完毕
2019-01-07 15-00-55 :load all config
2019-01-07 15-00-55 :开始初始软件
2019-01-07 15-00-55 :初始化软件完毕
2019-01-07 15-19-03 :load all config
2019-01-07 15-19-03 :开始初始软件
2019-01-07 15-19-04 :初始化软件完毕
2019-01-07 15-20-14 :load all config
2019-01-07 15-20-14 :开始初始软件
2019-01-07 15-20-14 :初始化软件完毕
2019-01-07 15-20-58 :load all config
2019-01-07 15-20-58 :开始初始软件
2019-01-07 15-20-59 :初始化软件完毕
2019-01-07 15-22-22 :load all config
2019-01-07 15-22-22 :开始初始软件
2019-01-07 15-22-22 :初始化软件完毕
2019-01-07 17-57-58 :load all config
2019-01-07 17-57-58 :开始初始软件
2019-01-07 17-57-59 :初始化软件完毕
2019-01-07 18-02-04 :load all config
2019-01-07 18-02-04 :开始初始软件
2019-01-07 18-02-04 :初始化软件完毕
2019-01-07 18-03-30 :load all config
2019-01-07 18-03-30 :开始初始软件
2019-01-07 18-03-30 :初始化软件完毕
2019-01-07 18-03-55 :load all config
2019-01-07 18-03-55 :开始初始软件
2019-01-07 18-03-55 :初始化软件完毕
2019-01-07 18-07-05 :load all config
2019-01-07 18-07-05 :开始初始软件
2019-01-07 18-07-05 :初始化软件完毕
2019-01-07 18-07-18 :sava screenshot in ./screenshot/2019-01-07_18-07-18.png
