2019-01-23 11-48-15 :load all config
2019-01-23 11-48-16 :开始初始软件
2019-01-23 11-48-17 :初始化软件完毕
2019-01-23 11-55-57 :load all config
2019-01-23 11-55-58 :开始初始软件
2019-01-23 11-56-25 :load all config
2019-01-23 11-56-26 :开始初始软件
2019-01-23 11-56-26 :初始化软件完毕
2019-01-23 12-00-01 :load all config
2019-01-23 12-00-01 :开始初始软件
2019-01-23 12-00-01 :初始化软件完毕
2019-01-23 14-31-59 :load all config
2019-01-23 14-32-44 :load all config
2019-01-23 14-34-24 :load all config
2019-01-23 14-34-25 :开始初始软件
2019-01-23 14-35-45 :load all config
2019-01-23 14-35-45 :开始初始软件
2019-01-23 14-37-56 :load all config
2019-01-23 14-37-57 :开始初始软件
2019-01-23 14-39-46 :load all config
2019-01-23 14-39-47 :开始初始软件
2019-01-23 14-40-37 :初始化软件完毕
2019-01-23 14-47-17 :load all config
2019-01-23 14-47-18 :开始初始软件
2019-01-23 14-47-22 :初始化软件完毕
2019-01-23 14-49-01 :load all config
2019-01-23 14-49-02 :开始初始软件
2019-01-23 14-49-02 :初始化软件完毕
2019-01-23 14-49-30 :load all config
2019-01-23 14-49-31 :开始初始软件
2019-01-23 14-49-31 :初始化软件完毕
2019-01-23 14-51-46 :load all config
2019-01-23 14-51-46 :开始初始软件
2019-01-23 14-51-46 :初始化软件完毕
2019-01-23 14-52-32 :load all config
2019-01-23 14-52-33 :开始初始软件
2019-01-23 14-52-33 :初始化软件完毕
2019-01-23 14-55-24 :load all config
2019-01-23 14-55-25 :开始初始软件
2019-01-23 14-55-25 :初始化软件完毕
2019-01-23 14-56-01 :load all config
2019-01-23 14-56-02 :开始初始软件
2019-01-23 14-56-02 :初始化软件完毕
2019-01-23 14-56-50 :load all config
2019-01-23 14-56-51 :开始初始软件
2019-01-23 14-56-51 :初始化软件完毕
2019-01-23 14-57-23 :load all config
2019-01-23 14-57-23 :开始初始软件
2019-01-23 14-57-24 :初始化软件完毕
2019-01-23 14-57-49 :load all config
2019-01-23 14-57-49 :开始初始软件
2019-01-23 14-57-50 :初始化软件完毕
2019-01-23 15-01-33 :load all config
2019-01-23 15-01-34 :开始初始软件
2019-01-23 15-01-34 :初始化软件完毕
2019-01-23 15-03-00 :load all config
2019-01-23 15-03-01 :开始初始软件
2019-01-23 15-03-02 :初始化软件完毕
2019-01-23 15-07-27 :load all config
2019-01-23 15-07-27 :开始初始软件
2019-01-23 15-08-32 :load all config
2019-01-23 15-08-33 :开始初始软件
2019-01-23 15-08-34 :初始化软件完毕
2019-01-23 15-10-37 :load all config
2019-01-23 15-10-38 :开始初始软件
2019-01-23 15-10-38 :初始化软件完毕
2019-01-23 15-11-29 :load all config
2019-01-23 15-11-30 :开始初始软件
2019-01-23 15-11-30 :初始化软件完毕
2019-01-23 15-12-07 :load all config
2019-01-23 15-12-08 :开始初始软件
2019-01-23 15-12-08 :初始化软件完毕
2019-01-23 15-14-47 :load all config
2019-01-23 15-14-48 :开始初始软件
2019-01-23 15-14-48 :初始化软件完毕
2019-01-23 15-15-57 :load all config
2019-01-23 15-15-58 :开始初始软件
2019-01-23 15-15-58 :初始化软件完毕
2019-01-23 15-16-52 :load all config
2019-01-23 15-16-53 :开始初始软件
2019-01-23 15-16-53 :初始化软件完毕
2019-01-23 15-17-42 :load all config
2019-01-23 15-17-43 :开始初始软件
2019-01-23 15-17-44 :初始化软件完毕
2019-01-23 15-19-15 :load all config
2019-01-23 15-19-16 :开始初始软件
2019-01-23 15-19-16 :初始化软件完毕
2019-01-23 15-21-23 :load all config
2019-01-23 15-21-24 :开始初始软件
2019-01-23 15-21-24 :初始化软件完毕
2019-01-23 15-21-49 :load all config
2019-01-23 15-21-50 :开始初始软件
2019-01-23 15-21-50 :初始化软件完毕
2019-01-23 15-22-13 :load all config
2019-01-23 15-22-14 :开始初始软件
2019-01-23 15-22-14 :初始化软件完毕
2019-01-23 15-23-04 :load all config
2019-01-23 15-23-05 :开始初始软件
2019-01-23 15-23-05 :初始化软件完毕
2019-01-23 15-23-28 :load all config
2019-01-23 15-23-28 :开始初始软件
2019-01-23 15-23-29 :初始化软件完毕
2019-01-23 15-23-45 :load all config
2019-01-23 15-23-46 :开始初始软件
2019-01-23 15-23-46 :初始化软件完毕
2019-01-23 15-34-57 :load all config
2019-01-23 15-34-58 :开始初始软件
2019-01-23 15-34-58 :初始化软件完毕
2019-01-23 15-35-22 :load all config
2019-01-23 15-35-23 :开始初始软件
2019-01-23 15-35-23 :初始化软件完毕
2019-01-23 15-58-00 :load all config
2019-01-23 15-58-01 :开始初始软件
2019-01-23 15-58-01 :初始化软件完毕
2019-01-23 15-58-32 :quickKey open
2019-01-23 15-58-37 :quickKey close
2019-01-23 15-58-48 :quickKey open
2019-01-23 15-58-53 :quickKey close
2019-01-23 16-28-25 :load all config
2019-01-23 16-28-25 :load main_window
2019-01-23 16-28-25 :load picture_window
2019-01-23 16-28-25 :load quickkey_window
2019-01-23 16-28-25 :load check_excel_window
2019-01-23 16-28-25 :load translate_window
2019-01-23 16-28-25 :load setting_window
2019-01-23 16-28-26 :开始初始软件
2019-01-23 16-28-57 :load all config
2019-01-23 16-28-57 :load main_windows
2019-01-23 16-28-57 :load picture_windows
2019-01-23 16-28-57 :load quickkey_windows
2019-01-23 16-28-57 :load check_excel_windows
2019-01-23 16-28-57 :load translate_windows
2019-01-23 16-28-57 :load setting_windows
2019-01-23 16-28-57 :开始初始软件
2019-01-23 16-28-58 :初始化软件完毕
2019-01-23 17-18-40 :load all config
2019-01-23 17-18-40 :load main_windows
2019-01-23 17-18-40 :load main_windowserror
2019-01-23 17-18-40 :load picture_windows
2019-01-23 17-18-40 :load picture_windowserror
2019-01-23 17-18-40 :load quickkey_windows
2019-01-23 17-18-40 :load quickkey_windowserror
2019-01-23 17-18-40 :load check_excel_windows
2019-01-23 17-18-40 :load check_excel_windowserror
2019-01-23 17-18-40 :load translate_windows
2019-01-23 17-18-40 :load translate_windowserror
2019-01-23 17-18-40 :load setting_windows
2019-01-23 17-18-40 :load setting_windowserror
2019-01-23 17-18-42 :开始初始软件
2019-01-23 17-20-51 :load all config
2019-01-23 17-20-51 :load main_windows
2019-01-23 17-20-51 :load main_windowserror
2019-01-23 17-20-51 :load picture_windows
2019-01-23 17-20-51 :load picture_windowserror
2019-01-23 17-20-51 :load quickkey_windows
2019-01-23 17-20-51 :load quickkey_windowserror
2019-01-23 17-20-51 :load check_excel_windows
2019-01-23 17-20-51 :load check_excel_windowserror
2019-01-23 17-20-51 :load translate_windows
2019-01-23 17-20-51 :load translate_windowserror
2019-01-23 17-20-51 :load setting_windows
2019-01-23 17-20-51 :load setting_windowserror
2019-01-23 17-20-52 :开始初始软件
2019-01-23 17-21-04 :load all config
2019-01-23 17-21-04 :load main_windows
2019-01-23 17-21-04 :load main_windowserror
2019-01-23 17-21-04 :load picture_windows
2019-01-23 17-21-04 :load picture_windowserror
2019-01-23 17-21-04 :load quickkey_windows
2019-01-23 17-21-04 :load quickkey_windowserror
2019-01-23 17-21-04 :load check_excel_windows
2019-01-23 17-21-04 :load check_excel_windowserror
2019-01-23 17-21-04 :load translate_windows
2019-01-23 17-21-04 :load translate_windowserror
2019-01-23 17-21-04 :load setting_windows
2019-01-23 17-21-04 :load setting_windowserror
2019-01-23 17-21-05 :开始初始软件
2019-01-23 17-23-27 :load all config
2019-01-23 17-23-27 :load main_windows
2019-01-23 17-23-27 :load picture_windows
2019-01-23 17-23-27 :load quickkey_windows
2019-01-23 17-23-27 :load check_excel_windows
2019-01-23 17-23-27 :load translate_windows
2019-01-23 17-23-27 :load setting_windows
2019-01-23 17-23-28 :开始初始软件
2019-01-23 17-23-29 :初始化软件完毕
2019-01-23 17-24-47 :load all config
2019-01-23 17-24-47 :load main_windows
2019-01-23 17-24-47 :load picture_windows
2019-01-23 17-24-47 :load quickkey_windows
2019-01-23 17-24-47 :load check_excel_windows
2019-01-23 17-24-47 :load translate_windows
2019-01-23 17-24-47 :load setting_windows
2019-01-23 17-24-48 :开始初始软件
2019-01-23 17-24-48 :初始化软件完毕
2019-01-23 17-27-01 :load all config
2019-01-23 17-27-01 :load main_windows
2019-01-23 17-27-01 :load picture_windows
2019-01-23 17-27-01 :load quickkey_windows
2019-01-23 17-27-01 :load check_excel_windows
2019-01-23 17-27-01 :load translate_windows
2019-01-23 17-27-01 :load setting_windows
2019-01-23 17-27-02 :开始初始软件
2019-01-23 17-27-02 :初始化软件完毕
2019-01-23 17-30-42 :load all config
2019-01-23 17-30-42 :load main_windows
2019-01-23 17-31-21 :load all config
2019-01-23 17-31-21 :load main_windows
2019-01-23 17-32-12 :load all config
2019-01-23 17-32-12 :load main_windows
2019-01-23 17-32-12 :load picture_windows
2019-01-23 17-32-12 :load quickkey_windows
2019-01-23 17-32-12 :load check_excel_windows
2019-01-23 17-32-12 :load translate_windows
2019-01-23 17-32-12 :load setting_windows
2019-01-23 17-32-13 :开始初始软件
2019-01-23 17-32-13 :初始化软件完毕
2019-01-23 17-32-54 :load all config
2019-01-23 17-32-54 :load main_windows
2019-01-23 17-32-54 :load picture_windows
2019-01-23 17-32-54 :load quickkey_windows
2019-01-23 17-32-54 :load check_excel_windows
2019-01-23 17-32-54 :load translate_windows
2019-01-23 17-32-54 :load setting_windows
2019-01-23 17-32-54 :开始初始软件
2019-01-23 17-32-55 :初始化软件完毕
2019-01-23 18-10-29 :load all config
2019-01-23 18-10-29 :load main_windows
2019-01-23 18-10-29 :load picture_windows
2019-01-23 18-10-29 :load quickkey_windows
2019-01-23 18-10-29 :load check_excel_windows
2019-01-23 18-10-29 :load translate_windows
2019-01-23 18-10-29 :load setting_windows
2019-01-23 18-10-30 :开始初始软件
2019-01-23 18-10-30 :初始化软件完毕
