2019-03-15 20-16-28 :load all config
2019-03-15 20-16-28 :load main_windows
2019-03-15 20-16-28 :load main_windowserror
2019-03-15 20-16-28 :load picture_windows
2019-03-15 20-16-28 :load picture_windowserror
2019-03-15 20-16-28 :load quickkey_windows
2019-03-15 20-16-28 :load quickkey_windowserror
2019-03-15 20-16-28 :load check_excel_windows
2019-03-15 20-16-29 :load check_excel_windowserror
2019-03-15 20-16-29 :load translate_windows
2019-03-15 20-16-29 :load translate_windowserror
2019-03-15 20-16-29 :load setting_windows
2019-03-15 20-16-29 :load setting_windowserror
2019-03-15 20-17-15 :load all config
2019-03-15 20-17-15 :load main_windows
2019-03-15 20-17-15 :load main_windowserror
2019-03-15 20-17-15 :load picture_windows
2019-03-15 20-17-15 :load picture_windowserror
2019-03-15 20-17-15 :load quickkey_windows
2019-03-15 20-17-15 :load quickkey_windowserror
2019-03-15 20-17-15 :load check_excel_windows
2019-03-15 20-17-15 :load check_excel_windowserror
2019-03-15 20-17-15 :load translate_windows
2019-03-15 20-17-15 :load translate_windowserror
2019-03-15 20-17-15 :load setting_windows
2019-03-15 20-17-15 :load setting_windowserror
2019-03-15 20-17-17 :开始初始软件
2019-03-15 20-18-51 :load all config
2019-03-15 20-18-51 :load main_windows
2019-03-15 20-18-51 :load picture_windows
2019-03-15 20-18-51 :load quickkey_windows
2019-03-15 20-18-51 :load check_excel_windows
2019-03-15 20-18-51 :load translate_windows
2019-03-15 20-18-51 :load setting_windows
2019-03-15 20-18-52 :开始初始软件
2019-03-15 20-18-53 :初始化软件完毕
