2019-01-14 10-51-54 :load all config
2019-01-14 10-51-55 :开始初始软件
2019-01-14 10-51-56 :初始化软件完毕
2019-01-14 10-53-12 :load all config
2019-01-14 10-53-13 :开始初始软件
2019-01-14 10-53-14 :初始化软件完毕
2019-01-14 10-54-42 :load all config
2019-01-14 10-54-43 :开始初始软件
2019-01-14 10-54-43 :初始化软件完毕
2019-01-14 10-57-34 :load all config
2019-01-14 10-57-35 :开始初始软件
2019-01-14 10-57-35 :初始化软件完毕
2019-01-14 10-57-52 :加载excel翻译完毕
2019-01-14 18-05-12 :load all config
2019-01-14 18-05-14 :开始初始软件
2019-01-14 18-05-14 :初始化软件完毕
2019-01-14 18-05-46 :load all config
2019-01-14 18-05-47 :开始初始软件
2019-01-14 18-05-48 :初始化软件完毕
2019-01-14 18-33-15 :load all config
2019-01-14 18-33-17 :开始初始软件
2019-01-14 18-33-17 :初始化软件完毕
2019-01-14 18-33-29 :加载excel翻译完毕
2019-01-14 18-33-39 :quickKey, click_find, 正在加载翻译
2019-01-14 18-33-39 :加载excel翻译完毕
2019-01-14 18-33-56 :quickKey, click_find, 正在加载翻译
2019-01-14 18-33-59 :quickKey, click_find, 正在加载翻译
2019-01-14 18-34-00 :加载excel翻译完毕
2019-01-14 18-34-00 :quickKey, click_find, 正在加载翻译
2019-01-14 18-34-09 :load all config
2019-01-14 18-34-10 :开始初始软件
2019-01-14 18-34-10 :初始化软件完毕
2019-01-14 18-34-17 :quickKey, click_find, 正在加载翻译
2019-01-14 18-34-19 :quickKey, click_find, 正在加载翻译
2019-01-14 18-34-21 :加载excel翻译完毕
